Start testing: Sep 15 01:15 +0430
----------------------------------------------------------
1/1 Testing: unit_tests
1/1 Test: unit_tests
Command: "/home/ramtinmk/http_server_C/bin/run_tests"
Directory: /home/ramtinmk/http_server_C
"unit_tests" start time: Sep 15 01:15 +0430
Output:
----------------------------------------------------------
Error: Pool size must be greater than 0
Error: Pool size must be greater than 0
==========================================
    HTTP SERVER TEST RUNNER
==========================================

=== Ring Buffer Suite ===

[33m[TEST] test_create_and_destroy       [0m : Verify creation, capacity, and cleanup
[32m       -> PASS[0m

[33m[TEST] test_basic_read_write         [0m : Simple FIFO write and read operations
       -> Writing 'Hello'...
       -> Reading back...
[32m       -> PASS[0m

[33m[TEST] test_wrap_around              [0m : Write/Read logic when data wraps physical end
       -> Step 1: Fill buffer [12345]
       -> Step 2: Read 2 bytes (creates gap at start)
       -> Step 3: Write 'AB' (wraps to start indices)
       -> Step 4: Verify logical order is '345AB'
[32m       -> PASS[0m

[33m[TEST] test_auto_resize_simple       [0m : Buffer expansion when writing > capacity
       -> Initial capacity: 4
       -> Writing 6 bytes (overflows 4)...
       -> New capacity: 8
[32m       -> PASS[0m

[33m[TEST] test_auto_resize_with_wrap    [0m : Resize + Linearization when data is wrapped
       -> Setup: Create wrapped state [EF..CD]
       -> Trigger resize by writing 'G'...
       -> Verifying linearization and order...
[32m       -> PASS[0m

[33m[TEST] test_peek                     [0m : View data without advancing read pointer
[32m       -> PASS[0m

[33m[TEST] test_readline_basic           [0m : Extract line ending with \n
       -> Reading first line...
       -> Reading second line...
[32m       -> PASS[0m

[33m[TEST] test_readline_crlf            [0m : Extract line ending with \r\n (strip \r)
       -> Writing '...\r\n'...
       -> Verifying '\r' was stripped...
[32m       -> PASS[0m

[33m[TEST] test_readline_wrapped_newline [0m : Handle \n located at buffer start (wrap)
       -> Forcing '\n' to physically wrap to index 0...
[32m       -> PASS[0m

[33m[TEST] test_readline_truncation      [0m : Handle destination buffer smaller than line
       -> Line length is 9, but buffer is 5...
       -> Read: '1234'
       -> Verifying remainder of line was discarded...
[32m       -> PASS[0m

[33m[TEST] test_readline_no_newline      [0m : Return NULL if no newline exists
       -> Attempting to read line without '\n'...
[32m       -> PASS[0m

[33m[TEST] test_reset                    [0m : Clear buffer state
       -> Resetting buffer...
[32m       -> PASS[0m

=== General Server Suite ===
Note: Ensure the server is running on 127.0.0.1:8080 before starting tests.

[33m[TEST] test_server_connectivity      [0m : Check if server is reachable
[32m       -> PASS[0m

[33m[TEST] test_root_page_load           [0m : GET / (Root)
[32m       -> PASS[0m

[33m[TEST] test_home_page                [0m : GET /home (Check content)
[32m       -> PASS[0m

[33m[TEST] test_hello_page               [0m : GET /hello (Check content)
[32m       -> PASS[0m

[33m[TEST] test_not_found_404            [0m : GET /nonexistent (Expect 404)
[32m       -> PASS[0m

[33m[TEST] test_not_implemented_501      [0m : DELETE / (Expect 501/405)
[32m       -> PASS[0m

[33m[TEST] test_keep_alive               [0m : Keep-Alive: Multiple reqs on one socket
[32m       -> PASS[0m

=== Thread Pool & Task Arena Suite ===
[33m[TEST] test_task_pool_allocation     [0m : TaskPool: Allocation and LIFO reuse
[32m       -> PASS[0m

[33m[TEST] test_task_pool_thread_safety  [0m : TaskPool: Bulk exhaustion
[32m       -> PASS[0m

[33m[TEST] test_thread_pool_init_and_shutdown[0m : ThreadPool: Normal Start/Stop
[32m       -> PASS[0m

[33m[TEST] test_thread_pool_invalid_creation[0m : ThreadPool: Handle invalid size
[32m       -> PASS[0m

[33m[TEST] test_queue_logic_internal     [0m : Queue: Logic check
[32m       -> PASS[0m

[33m[TEST] test_set_nonblocking_logic    [0m : Utils: Set non-blocking flags
[32m       -> PASS[0m


------------------------------------------
Total Tests: 25
[32mVERDICT: ALL PASSED[0m
<end of output>
Test time =   0.12 sec
----------------------------------------------------------
Test Passed.
"unit_tests" end time: Sep 15 01:15 +0430
"unit_tests" time elapsed: 00:00:00
----------------------------------------------------------

End testing: Sep 15 01:15 +0430
